CRITICAL - 2026-07-03 06:04:07 --> ErrorException: include(app/Views/utils/header.php): Failed to open stream: No such file or directory
[Method: GET, Route: /]
in APPPATH\Views\home.php on line 12.
 1 APPPATH\Views\home.php(12): CodeIgniter\Debug\Exceptions->errorHandler(2, 'include(app/Views/utils/header.php): Failed to open stream: No such file or directory', 'C:\\Users\\Harena\\Documents\\MmeBaovola\\fusion\\arovia+design\\fusion\\app\\Views\\home.php', 12)
 2 APPPATH\Views\home.php(12): include()
 3 SYSTEMPATH\View\View.php(240): include('C:\\Users\\Harena\\Documents\\MmeBaovola\\fusion\\arovia+design\\fusion\\app\\Views\\home.php')
 4 SYSTEMPATH\View\View.php(243): CodeIgniter\View\View->{closure:CodeIgniter\View\View::render():237}()
 5 SYSTEMPATH\Common.php(1250): CodeIgniter\View\View->render('home', [], true)
 6 APPPATH\Controllers\Home.php(23): view('home', [...])
 7 SYSTEMPATH\CodeIgniter.php(951): App\Controllers\Home->index()
 8 SYSTEMPATH\CodeIgniter.php(497): CodeIgniter\CodeIgniter->runController(Object(App\Controllers\Home))
 9 SYSTEMPATH\CodeIgniter.php(340): CodeIgniter\CodeIgniter->handleRequest(null, Object(Config\Cache), false)
10 SYSTEMPATH\Boot.php(417): CodeIgniter\CodeIgniter->run()
11 SYSTEMPATH\Boot.php(68): CodeIgniter\Boot::runCodeIgniter(Object(CodeIgniter\CodeIgniter))
12 FCPATH\index.php(59): CodeIgniter\Boot::bootWeb(Object(Config\Paths))
ERROR - 2026-07-03 06:12:27 --> pg_query(): Query failed: ERREUR:  la relation « contrat » n'existe pas
LINE 2: FROM &quot;contrat&quot; &quot;c&quot;
             ^
in SYSTEMPATH\Database\Postgre\Connection.php on line 200.
 1 SYSTEMPATH\Database\BaseConnection.php(910): CodeIgniter\Database\Postgre\Connection->execute('SELECT "c"."id", "c"."sujet", "c"."date_creation", "e"."nom" AS "entreprise_nom", "s"."id" AS "statut_id", "s"."nom" AS "statut_nom"
FROM "contrat" "c"
JOIN "entreprise" "e" ON "e"."id" = "c"."entreprise_id"
JOIN "statut" "s" ON "s"."id" = "c"."statut_id"
ORDER BY "c"."id" DESC')
 2 SYSTEMPATH\Database\BaseConnection.php(827): CodeIgniter\Database\BaseConnection->simpleQuery('SELECT "c"."id", "c"."sujet", "c"."date_creation", "e"."nom" AS "entreprise_nom", "s"."id" AS "statut_id", "s"."nom" AS "statut_nom"
FROM "contrat" "c"
JOIN "entreprise" "e" ON "e"."id" = "c"."entreprise_id"
JOIN "statut" "s" ON "s"."id" = "c"."statut_id"
ORDER BY "c"."id" DESC')
 3 SYSTEMPATH\Database\BaseBuilder.php(1649): CodeIgniter\Database\BaseConnection->query('SELECT "c"."id", "c"."sujet", "c"."date_creation", "e"."nom" AS "entreprise_nom", "s"."id" AS "statut_id", "s"."nom" AS "statut_nom"
FROM "contrat" "c"
JOIN "entreprise" "e" ON "e"."id" = "c"."entreprise_id"
JOIN "statut" "s" ON "s"."id" = "c"."statut_id"
ORDER BY "c"."id" DESC', [], false)
 4 APPPATH\Models\ContratModel.php(50): CodeIgniter\Database\BaseBuilder->get()
 5 APPPATH\Controllers\ContratController.php(84): App\Models\ContratModel->getListe()
 6 SYSTEMPATH\CodeIgniter.php(951): App\Controllers\ContratController->index()
 7 SYSTEMPATH\CodeIgniter.php(497): CodeIgniter\CodeIgniter->runController(Object(App\Controllers\ContratController))
 8 SYSTEMPATH\CodeIgniter.php(340): CodeIgniter\CodeIgniter->handleRequest(null, Object(Config\Cache), false)
 9 SYSTEMPATH\Boot.php(417): CodeIgniter\CodeIgniter->run()
10 SYSTEMPATH\Boot.php(68): CodeIgniter\Boot::runCodeIgniter(Object(CodeIgniter\CodeIgniter))
11 FCPATH\index.php(59): CodeIgniter\Boot::bootWeb(Object(Config\Paths))
CRITICAL - 2026-07-03 06:12:27 --> CodeIgniter\Database\Exceptions\DatabaseException: pg_query(): Query failed: ERREUR:  la relation « contrat » n'existe pas
LINE 2: FROM &quot;contrat&quot; &quot;c&quot;
             ^
[Method: GET, Route: contrat]
in SYSTEMPATH\Database\BaseConnection.php on line 865.
 1 SYSTEMPATH\Database\BaseBuilder.php(1649): CodeIgniter\Database\BaseConnection->query('SELECT "c"."id", "c"."sujet", "c"."date_creation", "e"."nom" AS "entreprise_nom", "s"."id" AS "statut_id", "s"."nom" AS "statut_nom"
FROM "contrat" "c"
JOIN "entreprise" "e" ON "e"."id" = "c"."entreprise_id"
JOIN "statut" "s" ON "s"."id" = "c"."statut_id"
ORDER BY "c"."id" DESC', [], false)
 2 APPPATH\Models\ContratModel.php(50): CodeIgniter\Database\BaseBuilder->get()
 3 APPPATH\Controllers\ContratController.php(84): App\Models\ContratModel->getListe()
 4 SYSTEMPATH\CodeIgniter.php(951): App\Controllers\ContratController->index()
 5 SYSTEMPATH\CodeIgniter.php(497): CodeIgniter\CodeIgniter->runController(Object(App\Controllers\ContratController))
 6 SYSTEMPATH\CodeIgniter.php(340): CodeIgniter\CodeIgniter->handleRequest(null, Object(Config\Cache), false)
 7 SYSTEMPATH\Boot.php(417): CodeIgniter\CodeIgniter->run()
 8 SYSTEMPATH\Boot.php(68): CodeIgniter\Boot::runCodeIgniter(Object(CodeIgniter\CodeIgniter))
 9 FCPATH\index.php(59): CodeIgniter\Boot::bootWeb(Object(Config\Paths))
CRITICAL - 2026-07-03 06:12:27 --> [Caused by] CodeIgniter\Database\Exceptions\DatabaseException: pg_query(): Query failed: ERREUR:  la relation « contrat » n'existe pas
LINE 2: FROM &quot;contrat&quot; &quot;c&quot;
             ^
in SYSTEMPATH\Database\Postgre\Connection.php on line 212.
 1 SYSTEMPATH\Database\BaseConnection.php(910): CodeIgniter\Database\Postgre\Connection->execute('SELECT "c"."id", "c"."sujet", "c"."date_creation", "e"."nom" AS "entreprise_nom", "s"."id" AS "statut_id", "s"."nom" AS "statut_nom"
FROM "contrat" "c"
JOIN "entreprise" "e" ON "e"."id" = "c"."entreprise_id"
JOIN "statut" "s" ON "s"."id" = "c"."statut_id"
ORDER BY "c"."id" DESC')
 2 SYSTEMPATH\Database\BaseConnection.php(827): CodeIgniter\Database\BaseConnection->simpleQuery('SELECT "c"."id", "c"."sujet", "c"."date_creation", "e"."nom" AS "entreprise_nom", "s"."id" AS "statut_id", "s"."nom" AS "statut_nom"
FROM "contrat" "c"
JOIN "entreprise" "e" ON "e"."id" = "c"."entreprise_id"
JOIN "statut" "s" ON "s"."id" = "c"."statut_id"
ORDER BY "c"."id" DESC')
 3 SYSTEMPATH\Database\BaseBuilder.php(1649): CodeIgniter\Database\BaseConnection->query('SELECT "c"."id", "c"."sujet", "c"."date_creation", "e"."nom" AS "entreprise_nom", "s"."id" AS "statut_id", "s"."nom" AS "statut_nom"
FROM "contrat" "c"
JOIN "entreprise" "e" ON "e"."id" = "c"."entreprise_id"
JOIN "statut" "s" ON "s"."id" = "c"."statut_id"
ORDER BY "c"."id" DESC', [], false)
 4 APPPATH\Models\ContratModel.php(50): CodeIgniter\Database\BaseBuilder->get()
 5 APPPATH\Controllers\ContratController.php(84): App\Models\ContratModel->getListe()
 6 SYSTEMPATH\CodeIgniter.php(951): App\Controllers\ContratController->index()
 7 SYSTEMPATH\CodeIgniter.php(497): CodeIgniter\CodeIgniter->runController(Object(App\Controllers\ContratController))
 8 SYSTEMPATH\CodeIgniter.php(340): CodeIgniter\CodeIgniter->handleRequest(null, Object(Config\Cache), false)
 9 SYSTEMPATH\Boot.php(417): CodeIgniter\CodeIgniter->run()
10 SYSTEMPATH\Boot.php(68): CodeIgniter\Boot::runCodeIgniter(Object(CodeIgniter\CodeIgniter))
11 FCPATH\index.php(59): CodeIgniter\Boot::bootWeb(Object(Config\Paths))
CRITICAL - 2026-07-03 06:12:27 --> [Caused by] ErrorException: pg_query(): Query failed: ERREUR:  la relation « contrat » n'existe pas
LINE 2: FROM &quot;contrat&quot; &quot;c&quot;
             ^
in SYSTEMPATH\Database\Postgre\Connection.php on line 200.
 1 [internal function]: CodeIgniter\Debug\Exceptions->errorHandler(2, 'pg_query(): Query failed: ERREUR:  la relation « contrat » n\'existe pas
LINE 2: FROM &quot;contrat&quot; &quot;c&quot;
             ^', 'C:\\Users\\Harena\\Documents\\MmeBaovola\\fusion\\arovia+design\\fusion\\system\\Database\\Postgre\\Connection.php', 200)
 2 SYSTEMPATH\Database\Postgre\Connection.php(200): pg_query(Object(PgSql\Connection), 'SELECT "c"."id", "c"."sujet", "c"."date_creation", "e"."nom" AS "entreprise_nom", "s"."id" AS "statut_id", "s"."nom" AS "statut_nom"
FROM "contrat" "c"
JOIN "entreprise" "e" ON "e"."id" = "c"."entreprise_id"
JOIN "statut" "s" ON "s"."id" = "c"."statut_id"
ORDER BY "c"."id" DESC')
 3 SYSTEMPATH\Database\BaseConnection.php(910): CodeIgniter\Database\Postgre\Connection->execute('SELECT "c"."id", "c"."sujet", "c"."date_creation", "e"."nom" AS "entreprise_nom", "s"."id" AS "statut_id", "s"."nom" AS "statut_nom"
FROM "contrat" "c"
JOIN "entreprise" "e" ON "e"."id" = "c"."entreprise_id"
JOIN "statut" "s" ON "s"."id" = "c"."statut_id"
ORDER BY "c"."id" DESC')
 4 SYSTEMPATH\Database\BaseConnection.php(827): CodeIgniter\Database\BaseConnection->simpleQuery('SELECT "c"."id", "c"."sujet", "c"."date_creation", "e"."nom" AS "entreprise_nom", "s"."id" AS "statut_id", "s"."nom" AS "statut_nom"
FROM "contrat" "c"
JOIN "entreprise" "e" ON "e"."id" = "c"."entreprise_id"
JOIN "statut" "s" ON "s"."id" = "c"."statut_id"
ORDER BY "c"."id" DESC')
 5 SYSTEMPATH\Database\BaseBuilder.php(1649): CodeIgniter\Database\BaseConnection->query('SELECT "c"."id", "c"."sujet", "c"."date_creation", "e"."nom" AS "entreprise_nom", "s"."id" AS "statut_id", "s"."nom" AS "statut_nom"
FROM "contrat" "c"
JOIN "entreprise" "e" ON "e"."id" = "c"."entreprise_id"
JOIN "statut" "s" ON "s"."id" = "c"."statut_id"
ORDER BY "c"."id" DESC', [], false)
 6 APPPATH\Models\ContratModel.php(50): CodeIgniter\Database\BaseBuilder->get()
 7 APPPATH\Controllers\ContratController.php(84): App\Models\ContratModel->getListe()
 8 SYSTEMPATH\CodeIgniter.php(951): App\Controllers\ContratController->index()
 9 SYSTEMPATH\CodeIgniter.php(497): CodeIgniter\CodeIgniter->runController(Object(App\Controllers\ContratController))
10 SYSTEMPATH\CodeIgniter.php(340): CodeIgniter\CodeIgniter->handleRequest(null, Object(Config\Cache), false)
11 SYSTEMPATH\Boot.php(417): CodeIgniter\CodeIgniter->run()
12 SYSTEMPATH\Boot.php(68): CodeIgniter\Boot::runCodeIgniter(Object(CodeIgniter\CodeIgniter))
13 FCPATH\index.php(59): CodeIgniter\Boot::bootWeb(Object(Config\Paths))
ERROR - 2026-07-03 06:27:12 --> pg_query(): Query failed: ERREUR:  la relation « contrat » n'existe pas
LINE 2: FROM &quot;contrat&quot; &quot;c&quot;
             ^
in SYSTEMPATH\Database\Postgre\Connection.php on line 200.
 1 SYSTEMPATH\Database\BaseConnection.php(910): CodeIgniter\Database\Postgre\Connection->execute('SELECT "c"."id", "c"."sujet", "c"."date_creation", "e"."nom" AS "entreprise_nom", "s"."id" AS "statut_id", "s"."nom" AS "statut_nom"
FROM "contrat" "c"
JOIN "entreprise" "e" ON "e"."id" = "c"."entreprise_id"
JOIN "statut" "s" ON "s"."id" = "c"."statut_id"
ORDER BY "c"."id" DESC')
 2 SYSTEMPATH\Database\BaseConnection.php(827): CodeIgniter\Database\BaseConnection->simpleQuery('SELECT "c"."id", "c"."sujet", "c"."date_creation", "e"."nom" AS "entreprise_nom", "s"."id" AS "statut_id", "s"."nom" AS "statut_nom"
FROM "contrat" "c"
JOIN "entreprise" "e" ON "e"."id" = "c"."entreprise_id"
JOIN "statut" "s" ON "s"."id" = "c"."statut_id"
ORDER BY "c"."id" DESC')
 3 SYSTEMPATH\Database\BaseBuilder.php(1649): CodeIgniter\Database\BaseConnection->query('SELECT "c"."id", "c"."sujet", "c"."date_creation", "e"."nom" AS "entreprise_nom", "s"."id" AS "statut_id", "s"."nom" AS "statut_nom"
FROM "contrat" "c"
JOIN "entreprise" "e" ON "e"."id" = "c"."entreprise_id"
JOIN "statut" "s" ON "s"."id" = "c"."statut_id"
ORDER BY "c"."id" DESC', [], false)
 4 APPPATH\Models\ContratModel.php(50): CodeIgniter\Database\BaseBuilder->get()
 5 APPPATH\Controllers\ContratController.php(93): App\Models\ContratModel->getListe()
 6 SYSTEMPATH\CodeIgniter.php(951): App\Controllers\ContratController->liste()
 7 SYSTEMPATH\CodeIgniter.php(497): CodeIgniter\CodeIgniter->runController(Object(App\Controllers\ContratController))
 8 SYSTEMPATH\CodeIgniter.php(340): CodeIgniter\CodeIgniter->handleRequest(null, Object(Config\Cache), false)
 9 SYSTEMPATH\Boot.php(417): CodeIgniter\CodeIgniter->run()
10 SYSTEMPATH\Boot.php(68): CodeIgniter\Boot::runCodeIgniter(Object(CodeIgniter\CodeIgniter))
11 FCPATH\index.php(59): CodeIgniter\Boot::bootWeb(Object(Config\Paths))
CRITICAL - 2026-07-03 06:27:12 --> CodeIgniter\Database\Exceptions\DatabaseException: pg_query(): Query failed: ERREUR:  la relation « contrat » n'existe pas
LINE 2: FROM &quot;contrat&quot; &quot;c&quot;
             ^
[Method: GET, Route: cont]
in SYSTEMPATH\Database\BaseConnection.php on line 865.
 1 SYSTEMPATH\Database\BaseBuilder.php(1649): CodeIgniter\Database\BaseConnection->query('SELECT "c"."id", "c"."sujet", "c"."date_creation", "e"."nom" AS "entreprise_nom", "s"."id" AS "statut_id", "s"."nom" AS "statut_nom"
FROM "contrat" "c"
JOIN "entreprise" "e" ON "e"."id" = "c"."entreprise_id"
JOIN "statut" "s" ON "s"."id" = "c"."statut_id"
ORDER BY "c"."id" DESC', [], false)
 2 APPPATH\Models\ContratModel.php(50): CodeIgniter\Database\BaseBuilder->get()
 3 APPPATH\Controllers\ContratController.php(93): App\Models\ContratModel->getListe()
 4 SYSTEMPATH\CodeIgniter.php(951): App\Controllers\ContratController->liste()
 5 SYSTEMPATH\CodeIgniter.php(497): CodeIgniter\CodeIgniter->runController(Object(App\Controllers\ContratController))
 6 SYSTEMPATH\CodeIgniter.php(340): CodeIgniter\CodeIgniter->handleRequest(null, Object(Config\Cache), false)
 7 SYSTEMPATH\Boot.php(417): CodeIgniter\CodeIgniter->run()
 8 SYSTEMPATH\Boot.php(68): CodeIgniter\Boot::runCodeIgniter(Object(CodeIgniter\CodeIgniter))
 9 FCPATH\index.php(59): CodeIgniter\Boot::bootWeb(Object(Config\Paths))
CRITICAL - 2026-07-03 06:27:12 --> [Caused by] CodeIgniter\Database\Exceptions\DatabaseException: pg_query(): Query failed: ERREUR:  la relation « contrat » n'existe pas
LINE 2: FROM &quot;contrat&quot; &quot;c&quot;
             ^
in SYSTEMPATH\Database\Postgre\Connection.php on line 212.
 1 SYSTEMPATH\Database\BaseConnection.php(910): CodeIgniter\Database\Postgre\Connection->execute('SELECT "c"."id", "c"."sujet", "c"."date_creation", "e"."nom" AS "entreprise_nom", "s"."id" AS "statut_id", "s"."nom" AS "statut_nom"
FROM "contrat" "c"
JOIN "entreprise" "e" ON "e"."id" = "c"."entreprise_id"
JOIN "statut" "s" ON "s"."id" = "c"."statut_id"
ORDER BY "c"."id" DESC')
 2 SYSTEMPATH\Database\BaseConnection.php(827): CodeIgniter\Database\BaseConnection->simpleQuery('SELECT "c"."id", "c"."sujet", "c"."date_creation", "e"."nom" AS "entreprise_nom", "s"."id" AS "statut_id", "s"."nom" AS "statut_nom"
FROM "contrat" "c"
JOIN "entreprise" "e" ON "e"."id" = "c"."entreprise_id"
JOIN "statut" "s" ON "s"."id" = "c"."statut_id"
ORDER BY "c"."id" DESC')
 3 SYSTEMPATH\Database\BaseBuilder.php(1649): CodeIgniter\Database\BaseConnection->query('SELECT "c"."id", "c"."sujet", "c"."date_creation", "e"."nom" AS "entreprise_nom", "s"."id" AS "statut_id", "s"."nom" AS "statut_nom"
FROM "contrat" "c"
JOIN "entreprise" "e" ON "e"."id" = "c"."entreprise_id"
JOIN "statut" "s" ON "s"."id" = "c"."statut_id"
ORDER BY "c"."id" DESC', [], false)
 4 APPPATH\Models\ContratModel.php(50): CodeIgniter\Database\BaseBuilder->get()
 5 APPPATH\Controllers\ContratController.php(93): App\Models\ContratModel->getListe()
 6 SYSTEMPATH\CodeIgniter.php(951): App\Controllers\ContratController->liste()
 7 SYSTEMPATH\CodeIgniter.php(497): CodeIgniter\CodeIgniter->runController(Object(App\Controllers\ContratController))
 8 SYSTEMPATH\CodeIgniter.php(340): CodeIgniter\CodeIgniter->handleRequest(null, Object(Config\Cache), false)
 9 SYSTEMPATH\Boot.php(417): CodeIgniter\CodeIgniter->run()
10 SYSTEMPATH\Boot.php(68): CodeIgniter\Boot::runCodeIgniter(Object(CodeIgniter\CodeIgniter))
11 FCPATH\index.php(59): CodeIgniter\Boot::bootWeb(Object(Config\Paths))
CRITICAL - 2026-07-03 06:27:12 --> [Caused by] ErrorException: pg_query(): Query failed: ERREUR:  la relation « contrat » n'existe pas
LINE 2: FROM &quot;contrat&quot; &quot;c&quot;
             ^
in SYSTEMPATH\Database\Postgre\Connection.php on line 200.
 1 [internal function]: CodeIgniter\Debug\Exceptions->errorHandler(2, 'pg_query(): Query failed: ERREUR:  la relation « contrat » n\'existe pas
LINE 2: FROM &quot;contrat&quot; &quot;c&quot;
             ^', 'C:\\Users\\Harena\\Documents\\MmeBaovola\\fusion\\arovia+design\\fusion\\system\\Database\\Postgre\\Connection.php', 200)
 2 SYSTEMPATH\Database\Postgre\Connection.php(200): pg_query(Object(PgSql\Connection), 'SELECT "c"."id", "c"."sujet", "c"."date_creation", "e"."nom" AS "entreprise_nom", "s"."id" AS "statut_id", "s"."nom" AS "statut_nom"
FROM "contrat" "c"
JOIN "entreprise" "e" ON "e"."id" = "c"."entreprise_id"
JOIN "statut" "s" ON "s"."id" = "c"."statut_id"
ORDER BY "c"."id" DESC')
 3 SYSTEMPATH\Database\BaseConnection.php(910): CodeIgniter\Database\Postgre\Connection->execute('SELECT "c"."id", "c"."sujet", "c"."date_creation", "e"."nom" AS "entreprise_nom", "s"."id" AS "statut_id", "s"."nom" AS "statut_nom"
FROM "contrat" "c"
JOIN "entreprise" "e" ON "e"."id" = "c"."entreprise_id"
JOIN "statut" "s" ON "s"."id" = "c"."statut_id"
ORDER BY "c"."id" DESC')
 4 SYSTEMPATH\Database\BaseConnection.php(827): CodeIgniter\Database\BaseConnection->simpleQuery('SELECT "c"."id", "c"."sujet", "c"."date_creation", "e"."nom" AS "entreprise_nom", "s"."id" AS "statut_id", "s"."nom" AS "statut_nom"
FROM "contrat" "c"
JOIN "entreprise" "e" ON "e"."id" = "c"."entreprise_id"
JOIN "statut" "s" ON "s"."id" = "c"."statut_id"
ORDER BY "c"."id" DESC')
 5 SYSTEMPATH\Database\BaseBuilder.php(1649): CodeIgniter\Database\BaseConnection->query('SELECT "c"."id", "c"."sujet", "c"."date_creation", "e"."nom" AS "entreprise_nom", "s"."id" AS "statut_id", "s"."nom" AS "statut_nom"
FROM "contrat" "c"
JOIN "entreprise" "e" ON "e"."id" = "c"."entreprise_id"
JOIN "statut" "s" ON "s"."id" = "c"."statut_id"
ORDER BY "c"."id" DESC', [], false)
 6 APPPATH\Models\ContratModel.php(50): CodeIgniter\Database\BaseBuilder->get()
 7 APPPATH\Controllers\ContratController.php(93): App\Models\ContratModel->getListe()
 8 SYSTEMPATH\CodeIgniter.php(951): App\Controllers\ContratController->liste()
 9 SYSTEMPATH\CodeIgniter.php(497): CodeIgniter\CodeIgniter->runController(Object(App\Controllers\ContratController))
10 SYSTEMPATH\CodeIgniter.php(340): CodeIgniter\CodeIgniter->handleRequest(null, Object(Config\Cache), false)
11 SYSTEMPATH\Boot.php(417): CodeIgniter\CodeIgniter->run()
12 SYSTEMPATH\Boot.php(68): CodeIgniter\Boot::runCodeIgniter(Object(CodeIgniter\CodeIgniter))
13 FCPATH\index.php(59): CodeIgniter\Boot::bootWeb(Object(Config\Paths))
