ERROR - 2026-07-02 06:35:46 --> pg_query(): Query failed: ERREUR:  la colonne « date_transaction » n'existe pas
LINE 3: ORDER BY &quot;date_transaction&quot; DESC
                 ^
in SYSTEMPATH\Database\Postgre\Connection.php on line 200.
 1 SYSTEMPATH\Database\BaseConnection.php(910): CodeIgniter\Database\Postgre\Connection->execute('SELECT *
FROM "mouvements_financiers"
ORDER BY "date_transaction" DESC')
 2 SYSTEMPATH\Database\BaseConnection.php(827): CodeIgniter\Database\BaseConnection->simpleQuery('SELECT *
FROM "mouvements_financiers"
ORDER BY "date_transaction" DESC')
 3 SYSTEMPATH\Database\BaseBuilder.php(1649): CodeIgniter\Database\BaseConnection->query('SELECT *
FROM "mouvements_financiers"
ORDER BY "date_transaction" DESC', [], false)
 4 APPPATH\Models\FinanceModel.php(42): CodeIgniter\Database\BaseBuilder->get()
 5 APPPATH\Controllers\Finances.php(25): App\Models\FinanceModel->getTransactions(null, null, null)
 6 SYSTEMPATH\CodeIgniter.php(951): App\Controllers\Finances->index()
 7 SYSTEMPATH\CodeIgniter.php(497): CodeIgniter\CodeIgniter->runController(Object(App\Controllers\Finances))
 8 SYSTEMPATH\CodeIgniter.php(340): CodeIgniter\CodeIgniter->handleRequest(null, Object(Config\Cache), false)
 9 SYSTEMPATH\Boot.php(417): CodeIgniter\CodeIgniter->run()
10 SYSTEMPATH\Boot.php(68): CodeIgniter\Boot::runCodeIgniter(Object(CodeIgniter\CodeIgniter))
11 FCPATH\index.php(59): CodeIgniter\Boot::bootWeb(Object(Config\Paths))
CRITICAL - 2026-07-02 06:35:46 --> CodeIgniter\Database\Exceptions\DatabaseException: pg_query(): Query failed: ERREUR:  la colonne « date_transaction » n'existe pas
LINE 3: ORDER BY &quot;date_transaction&quot; DESC
                 ^
[Method: GET, Route: finances]
in SYSTEMPATH\Database\BaseConnection.php on line 865.
 1 SYSTEMPATH\Database\BaseBuilder.php(1649): CodeIgniter\Database\BaseConnection->query('SELECT *
FROM "mouvements_financiers"
ORDER BY "date_transaction" DESC', [], false)
 2 APPPATH\Models\FinanceModel.php(42): CodeIgniter\Database\BaseBuilder->get()
 3 APPPATH\Controllers\Finances.php(25): App\Models\FinanceModel->getTransactions(null, null, null)
 4 SYSTEMPATH\CodeIgniter.php(951): App\Controllers\Finances->index()
 5 SYSTEMPATH\CodeIgniter.php(497): CodeIgniter\CodeIgniter->runController(Object(App\Controllers\Finances))
 6 SYSTEMPATH\CodeIgniter.php(340): CodeIgniter\CodeIgniter->handleRequest(null, Object(Config\Cache), false)
 7 SYSTEMPATH\Boot.php(417): CodeIgniter\CodeIgniter->run()
 8 SYSTEMPATH\Boot.php(68): CodeIgniter\Boot::runCodeIgniter(Object(CodeIgniter\CodeIgniter))
 9 FCPATH\index.php(59): CodeIgniter\Boot::bootWeb(Object(Config\Paths))
CRITICAL - 2026-07-02 06:35:46 --> [Caused by] CodeIgniter\Database\Exceptions\DatabaseException: pg_query(): Query failed: ERREUR:  la colonne « date_transaction » n'existe pas
LINE 3: ORDER BY &quot;date_transaction&quot; DESC
                 ^
in SYSTEMPATH\Database\Postgre\Connection.php on line 212.
 1 SYSTEMPATH\Database\BaseConnection.php(910): CodeIgniter\Database\Postgre\Connection->execute('SELECT *
FROM "mouvements_financiers"
ORDER BY "date_transaction" DESC')
 2 SYSTEMPATH\Database\BaseConnection.php(827): CodeIgniter\Database\BaseConnection->simpleQuery('SELECT *
FROM "mouvements_financiers"
ORDER BY "date_transaction" DESC')
 3 SYSTEMPATH\Database\BaseBuilder.php(1649): CodeIgniter\Database\BaseConnection->query('SELECT *
FROM "mouvements_financiers"
ORDER BY "date_transaction" DESC', [], false)
 4 APPPATH\Models\FinanceModel.php(42): CodeIgniter\Database\BaseBuilder->get()
 5 APPPATH\Controllers\Finances.php(25): App\Models\FinanceModel->getTransactions(null, null, null)
 6 SYSTEMPATH\CodeIgniter.php(951): App\Controllers\Finances->index()
 7 SYSTEMPATH\CodeIgniter.php(497): CodeIgniter\CodeIgniter->runController(Object(App\Controllers\Finances))
 8 SYSTEMPATH\CodeIgniter.php(340): CodeIgniter\CodeIgniter->handleRequest(null, Object(Config\Cache), false)
 9 SYSTEMPATH\Boot.php(417): CodeIgniter\CodeIgniter->run()
10 SYSTEMPATH\Boot.php(68): CodeIgniter\Boot::runCodeIgniter(Object(CodeIgniter\CodeIgniter))
11 FCPATH\index.php(59): CodeIgniter\Boot::bootWeb(Object(Config\Paths))
CRITICAL - 2026-07-02 06:35:46 --> [Caused by] ErrorException: pg_query(): Query failed: ERREUR:  la colonne « date_transaction » n'existe pas
LINE 3: ORDER BY &quot;date_transaction&quot; DESC
                 ^
in SYSTEMPATH\Database\Postgre\Connection.php on line 200.
 1 [internal function]: CodeIgniter\Debug\Exceptions->errorHandler(2, 'pg_query(): Query failed: ERREUR:  la colonne « date_transaction » n\'existe pas
LINE 3: ORDER BY &quot;date_transaction&quot; DESC
                 ^', 'C:\\Users\\Harena\\Documents\\MmeBaovola\\fusion\\fusion\\system\\Database\\Postgre\\Connection.php', 200)
 2 SYSTEMPATH\Database\Postgre\Connection.php(200): pg_query(Object(PgSql\Connection), 'SELECT *
FROM "mouvements_financiers"
ORDER BY "date_transaction" DESC')
 3 SYSTEMPATH\Database\BaseConnection.php(910): CodeIgniter\Database\Postgre\Connection->execute('SELECT *
FROM "mouvements_financiers"
ORDER BY "date_transaction" DESC')
 4 SYSTEMPATH\Database\BaseConnection.php(827): CodeIgniter\Database\BaseConnection->simpleQuery('SELECT *
FROM "mouvements_financiers"
ORDER BY "date_transaction" DESC')
 5 SYSTEMPATH\Database\BaseBuilder.php(1649): CodeIgniter\Database\BaseConnection->query('SELECT *
FROM "mouvements_financiers"
ORDER BY "date_transaction" DESC', [], false)
 6 APPPATH\Models\FinanceModel.php(42): CodeIgniter\Database\BaseBuilder->get()
 7 APPPATH\Controllers\Finances.php(25): App\Models\FinanceModel->getTransactions(null, null, null)
 8 SYSTEMPATH\CodeIgniter.php(951): App\Controllers\Finances->index()
 9 SYSTEMPATH\CodeIgniter.php(497): CodeIgniter\CodeIgniter->runController(Object(App\Controllers\Finances))
10 SYSTEMPATH\CodeIgniter.php(340): CodeIgniter\CodeIgniter->handleRequest(null, Object(Config\Cache), false)
11 SYSTEMPATH\Boot.php(417): CodeIgniter\CodeIgniter->run()
12 SYSTEMPATH\Boot.php(68): CodeIgniter\Boot::runCodeIgniter(Object(CodeIgniter\CodeIgniter))
13 FCPATH\index.php(59): CodeIgniter\Boot::bootWeb(Object(Config\Paths))
ERROR - 2026-07-02 06:36:14 --> pg_query(): Query failed: ERREUR:  la colonne « date_transaction » n'existe pas
LINE 3: ORDER BY &quot;date_transaction&quot; DESC
                 ^
in SYSTEMPATH\Database\Postgre\Connection.php on line 200.
 1 SYSTEMPATH\Database\BaseConnection.php(910): CodeIgniter\Database\Postgre\Connection->execute('SELECT *
FROM "mouvements_financiers"
ORDER BY "date_transaction" DESC')
 2 SYSTEMPATH\Database\BaseConnection.php(827): CodeIgniter\Database\BaseConnection->simpleQuery('SELECT *
FROM "mouvements_financiers"
ORDER BY "date_transaction" DESC')
 3 SYSTEMPATH\Database\BaseBuilder.php(1649): CodeIgniter\Database\BaseConnection->query('SELECT *
FROM "mouvements_financiers"
ORDER BY "date_transaction" DESC', [], false)
 4 APPPATH\Models\FinanceModel.php(42): CodeIgniter\Database\BaseBuilder->get()
 5 APPPATH\Controllers\Finances.php(25): App\Models\FinanceModel->getTransactions(null, null, null)
 6 SYSTEMPATH\CodeIgniter.php(951): App\Controllers\Finances->index()
 7 SYSTEMPATH\CodeIgniter.php(497): CodeIgniter\CodeIgniter->runController(Object(App\Controllers\Finances))
 8 SYSTEMPATH\CodeIgniter.php(340): CodeIgniter\CodeIgniter->handleRequest(null, Object(Config\Cache), false)
 9 SYSTEMPATH\Boot.php(417): CodeIgniter\CodeIgniter->run()
10 SYSTEMPATH\Boot.php(68): CodeIgniter\Boot::runCodeIgniter(Object(CodeIgniter\CodeIgniter))
11 FCPATH\index.php(59): CodeIgniter\Boot::bootWeb(Object(Config\Paths))
CRITICAL - 2026-07-02 06:36:14 --> CodeIgniter\Database\Exceptions\DatabaseException: pg_query(): Query failed: ERREUR:  la colonne « date_transaction » n'existe pas
LINE 3: ORDER BY &quot;date_transaction&quot; DESC
                 ^
[Method: GET, Route: finances]
in SYSTEMPATH\Database\BaseConnection.php on line 865.
 1 SYSTEMPATH\Database\BaseBuilder.php(1649): CodeIgniter\Database\BaseConnection->query('SELECT *
FROM "mouvements_financiers"
ORDER BY "date_transaction" DESC', [], false)
 2 APPPATH\Models\FinanceModel.php(42): CodeIgniter\Database\BaseBuilder->get()
 3 APPPATH\Controllers\Finances.php(25): App\Models\FinanceModel->getTransactions(null, null, null)
 4 SYSTEMPATH\CodeIgniter.php(951): App\Controllers\Finances->index()
 5 SYSTEMPATH\CodeIgniter.php(497): CodeIgniter\CodeIgniter->runController(Object(App\Controllers\Finances))
 6 SYSTEMPATH\CodeIgniter.php(340): CodeIgniter\CodeIgniter->handleRequest(null, Object(Config\Cache), false)
 7 SYSTEMPATH\Boot.php(417): CodeIgniter\CodeIgniter->run()
 8 SYSTEMPATH\Boot.php(68): CodeIgniter\Boot::runCodeIgniter(Object(CodeIgniter\CodeIgniter))
 9 FCPATH\index.php(59): CodeIgniter\Boot::bootWeb(Object(Config\Paths))
CRITICAL - 2026-07-02 06:36:14 --> [Caused by] CodeIgniter\Database\Exceptions\DatabaseException: pg_query(): Query failed: ERREUR:  la colonne « date_transaction » n'existe pas
LINE 3: ORDER BY &quot;date_transaction&quot; DESC
                 ^
in SYSTEMPATH\Database\Postgre\Connection.php on line 212.
 1 SYSTEMPATH\Database\BaseConnection.php(910): CodeIgniter\Database\Postgre\Connection->execute('SELECT *
FROM "mouvements_financiers"
ORDER BY "date_transaction" DESC')
 2 SYSTEMPATH\Database\BaseConnection.php(827): CodeIgniter\Database\BaseConnection->simpleQuery('SELECT *
FROM "mouvements_financiers"
ORDER BY "date_transaction" DESC')
 3 SYSTEMPATH\Database\BaseBuilder.php(1649): CodeIgniter\Database\BaseConnection->query('SELECT *
FROM "mouvements_financiers"
ORDER BY "date_transaction" DESC', [], false)
 4 APPPATH\Models\FinanceModel.php(42): CodeIgniter\Database\BaseBuilder->get()
 5 APPPATH\Controllers\Finances.php(25): App\Models\FinanceModel->getTransactions(null, null, null)
 6 SYSTEMPATH\CodeIgniter.php(951): App\Controllers\Finances->index()
 7 SYSTEMPATH\CodeIgniter.php(497): CodeIgniter\CodeIgniter->runController(Object(App\Controllers\Finances))
 8 SYSTEMPATH\CodeIgniter.php(340): CodeIgniter\CodeIgniter->handleRequest(null, Object(Config\Cache), false)
 9 SYSTEMPATH\Boot.php(417): CodeIgniter\CodeIgniter->run()
10 SYSTEMPATH\Boot.php(68): CodeIgniter\Boot::runCodeIgniter(Object(CodeIgniter\CodeIgniter))
11 FCPATH\index.php(59): CodeIgniter\Boot::bootWeb(Object(Config\Paths))
CRITICAL - 2026-07-02 06:36:14 --> [Caused by] ErrorException: pg_query(): Query failed: ERREUR:  la colonne « date_transaction » n'existe pas
LINE 3: ORDER BY &quot;date_transaction&quot; DESC
                 ^
in SYSTEMPATH\Database\Postgre\Connection.php on line 200.
 1 [internal function]: CodeIgniter\Debug\Exceptions->errorHandler(2, 'pg_query(): Query failed: ERREUR:  la colonne « date_transaction » n\'existe pas
LINE 3: ORDER BY &quot;date_transaction&quot; DESC
                 ^', 'C:\\Users\\Harena\\Documents\\MmeBaovola\\fusion\\fusion\\system\\Database\\Postgre\\Connection.php', 200)
 2 SYSTEMPATH\Database\Postgre\Connection.php(200): pg_query(Object(PgSql\Connection), 'SELECT *
FROM "mouvements_financiers"
ORDER BY "date_transaction" DESC')
 3 SYSTEMPATH\Database\BaseConnection.php(910): CodeIgniter\Database\Postgre\Connection->execute('SELECT *
FROM "mouvements_financiers"
ORDER BY "date_transaction" DESC')
 4 SYSTEMPATH\Database\BaseConnection.php(827): CodeIgniter\Database\BaseConnection->simpleQuery('SELECT *
FROM "mouvements_financiers"
ORDER BY "date_transaction" DESC')
 5 SYSTEMPATH\Database\BaseBuilder.php(1649): CodeIgniter\Database\BaseConnection->query('SELECT *
FROM "mouvements_financiers"
ORDER BY "date_transaction" DESC', [], false)
 6 APPPATH\Models\FinanceModel.php(42): CodeIgniter\Database\BaseBuilder->get()
 7 APPPATH\Controllers\Finances.php(25): App\Models\FinanceModel->getTransactions(null, null, null)
 8 SYSTEMPATH\CodeIgniter.php(951): App\Controllers\Finances->index()
 9 SYSTEMPATH\CodeIgniter.php(497): CodeIgniter\CodeIgniter->runController(Object(App\Controllers\Finances))
10 SYSTEMPATH\CodeIgniter.php(340): CodeIgniter\CodeIgniter->handleRequest(null, Object(Config\Cache), false)
11 SYSTEMPATH\Boot.php(417): CodeIgniter\CodeIgniter->run()
12 SYSTEMPATH\Boot.php(68): CodeIgniter\Boot::runCodeIgniter(Object(CodeIgniter\CodeIgniter))
13 FCPATH\index.php(59): CodeIgniter\Boot::bootWeb(Object(Config\Paths))
ERROR - 2026-07-02 06:39:17 --> pg_query(): Query failed: ERREUR:  la colonne « date_transaction » n'existe pas
LINE 3: ORDER BY &quot;date_transaction&quot; DESC
                 ^
in SYSTEMPATH\Database\Postgre\Connection.php on line 200.
 1 SYSTEMPATH\Database\BaseConnection.php(910): CodeIgniter\Database\Postgre\Connection->execute('SELECT *
FROM "mouvements_financiers"
ORDER BY "date_transaction" DESC')
 2 SYSTEMPATH\Database\BaseConnection.php(827): CodeIgniter\Database\BaseConnection->simpleQuery('SELECT *
FROM "mouvements_financiers"
ORDER BY "date_transaction" DESC')
 3 SYSTEMPATH\Database\BaseBuilder.php(1649): CodeIgniter\Database\BaseConnection->query('SELECT *
FROM "mouvements_financiers"
ORDER BY "date_transaction" DESC', [], false)
 4 APPPATH\Models\FinanceModel.php(42): CodeIgniter\Database\BaseBuilder->get()
 5 APPPATH\Controllers\Finances.php(25): App\Models\FinanceModel->getTransactions(null, null, null)
 6 SYSTEMPATH\CodeIgniter.php(951): App\Controllers\Finances->index()
 7 SYSTEMPATH\CodeIgniter.php(497): CodeIgniter\CodeIgniter->runController(Object(App\Controllers\Finances))
 8 SYSTEMPATH\CodeIgniter.php(340): CodeIgniter\CodeIgniter->handleRequest(null, Object(Config\Cache), false)
 9 SYSTEMPATH\Boot.php(417): CodeIgniter\CodeIgniter->run()
10 SYSTEMPATH\Boot.php(68): CodeIgniter\Boot::runCodeIgniter(Object(CodeIgniter\CodeIgniter))
11 FCPATH\index.php(59): CodeIgniter\Boot::bootWeb(Object(Config\Paths))
CRITICAL - 2026-07-02 06:39:17 --> CodeIgniter\Database\Exceptions\DatabaseException: pg_query(): Query failed: ERREUR:  la colonne « date_transaction » n'existe pas
LINE 3: ORDER BY &quot;date_transaction&quot; DESC
                 ^
[Method: GET, Route: finances]
in SYSTEMPATH\Database\BaseConnection.php on line 865.
 1 SYSTEMPATH\Database\BaseBuilder.php(1649): CodeIgniter\Database\BaseConnection->query('SELECT *
FROM "mouvements_financiers"
ORDER BY "date_transaction" DESC', [], false)
 2 APPPATH\Models\FinanceModel.php(42): CodeIgniter\Database\BaseBuilder->get()
 3 APPPATH\Controllers\Finances.php(25): App\Models\FinanceModel->getTransactions(null, null, null)
 4 SYSTEMPATH\CodeIgniter.php(951): App\Controllers\Finances->index()
 5 SYSTEMPATH\CodeIgniter.php(497): CodeIgniter\CodeIgniter->runController(Object(App\Controllers\Finances))
 6 SYSTEMPATH\CodeIgniter.php(340): CodeIgniter\CodeIgniter->handleRequest(null, Object(Config\Cache), false)
 7 SYSTEMPATH\Boot.php(417): CodeIgniter\CodeIgniter->run()
 8 SYSTEMPATH\Boot.php(68): CodeIgniter\Boot::runCodeIgniter(Object(CodeIgniter\CodeIgniter))
 9 FCPATH\index.php(59): CodeIgniter\Boot::bootWeb(Object(Config\Paths))
CRITICAL - 2026-07-02 06:39:17 --> [Caused by] CodeIgniter\Database\Exceptions\DatabaseException: pg_query(): Query failed: ERREUR:  la colonne « date_transaction » n'existe pas
LINE 3: ORDER BY &quot;date_transaction&quot; DESC
                 ^
in SYSTEMPATH\Database\Postgre\Connection.php on line 212.
 1 SYSTEMPATH\Database\BaseConnection.php(910): CodeIgniter\Database\Postgre\Connection->execute('SELECT *
FROM "mouvements_financiers"
ORDER BY "date_transaction" DESC')
 2 SYSTEMPATH\Database\BaseConnection.php(827): CodeIgniter\Database\BaseConnection->simpleQuery('SELECT *
FROM "mouvements_financiers"
ORDER BY "date_transaction" DESC')
 3 SYSTEMPATH\Database\BaseBuilder.php(1649): CodeIgniter\Database\BaseConnection->query('SELECT *
FROM "mouvements_financiers"
ORDER BY "date_transaction" DESC', [], false)
 4 APPPATH\Models\FinanceModel.php(42): CodeIgniter\Database\BaseBuilder->get()
 5 APPPATH\Controllers\Finances.php(25): App\Models\FinanceModel->getTransactions(null, null, null)
 6 SYSTEMPATH\CodeIgniter.php(951): App\Controllers\Finances->index()
 7 SYSTEMPATH\CodeIgniter.php(497): CodeIgniter\CodeIgniter->runController(Object(App\Controllers\Finances))
 8 SYSTEMPATH\CodeIgniter.php(340): CodeIgniter\CodeIgniter->handleRequest(null, Object(Config\Cache), false)
 9 SYSTEMPATH\Boot.php(417): CodeIgniter\CodeIgniter->run()
10 SYSTEMPATH\Boot.php(68): CodeIgniter\Boot::runCodeIgniter(Object(CodeIgniter\CodeIgniter))
11 FCPATH\index.php(59): CodeIgniter\Boot::bootWeb(Object(Config\Paths))
CRITICAL - 2026-07-02 06:39:17 --> [Caused by] ErrorException: pg_query(): Query failed: ERREUR:  la colonne « date_transaction » n'existe pas
LINE 3: ORDER BY &quot;date_transaction&quot; DESC
                 ^
in SYSTEMPATH\Database\Postgre\Connection.php on line 200.
 1 [internal function]: CodeIgniter\Debug\Exceptions->errorHandler(2, 'pg_query(): Query failed: ERREUR:  la colonne « date_transaction » n\'existe pas
LINE 3: ORDER BY &quot;date_transaction&quot; DESC
                 ^', 'C:\\Users\\Harena\\Documents\\MmeBaovola\\fusion\\fusion\\system\\Database\\Postgre\\Connection.php', 200)
 2 SYSTEMPATH\Database\Postgre\Connection.php(200): pg_query(Object(PgSql\Connection), 'SELECT *
FROM "mouvements_financiers"
ORDER BY "date_transaction" DESC')
 3 SYSTEMPATH\Database\BaseConnection.php(910): CodeIgniter\Database\Postgre\Connection->execute('SELECT *
FROM "mouvements_financiers"
ORDER BY "date_transaction" DESC')
 4 SYSTEMPATH\Database\BaseConnection.php(827): CodeIgniter\Database\BaseConnection->simpleQuery('SELECT *
FROM "mouvements_financiers"
ORDER BY "date_transaction" DESC')
 5 SYSTEMPATH\Database\BaseBuilder.php(1649): CodeIgniter\Database\BaseConnection->query('SELECT *
FROM "mouvements_financiers"
ORDER BY "date_transaction" DESC', [], false)
 6 APPPATH\Models\FinanceModel.php(42): CodeIgniter\Database\BaseBuilder->get()
 7 APPPATH\Controllers\Finances.php(25): App\Models\FinanceModel->getTransactions(null, null, null)
 8 SYSTEMPATH\CodeIgniter.php(951): App\Controllers\Finances->index()
 9 SYSTEMPATH\CodeIgniter.php(497): CodeIgniter\CodeIgniter->runController(Object(App\Controllers\Finances))
10 SYSTEMPATH\CodeIgniter.php(340): CodeIgniter\CodeIgniter->handleRequest(null, Object(Config\Cache), false)
11 SYSTEMPATH\Boot.php(417): CodeIgniter\CodeIgniter->run()
12 SYSTEMPATH\Boot.php(68): CodeIgniter\Boot::runCodeIgniter(Object(CodeIgniter\CodeIgniter))
13 FCPATH\index.php(59): CodeIgniter\Boot::bootWeb(Object(Config\Paths))
ERROR - 2026-07-02 06:41:56 --> pg_query(): Query failed: ERREUR:  la colonne « date_transaction » n'existe pas
LINE 3: ORDER BY &quot;date_transaction&quot; DESC
                 ^
in SYSTEMPATH\Database\Postgre\Connection.php on line 200.
 1 SYSTEMPATH\Database\BaseConnection.php(910): CodeIgniter\Database\Postgre\Connection->execute('SELECT *
FROM "mouvements_financiers"
ORDER BY "date_transaction" DESC')
 2 SYSTEMPATH\Database\BaseConnection.php(827): CodeIgniter\Database\BaseConnection->simpleQuery('SELECT *
FROM "mouvements_financiers"
ORDER BY "date_transaction" DESC')
 3 SYSTEMPATH\Database\BaseBuilder.php(1649): CodeIgniter\Database\BaseConnection->query('SELECT *
FROM "mouvements_financiers"
ORDER BY "date_transaction" DESC', [], false)
 4 APPPATH\Models\FinanceModel.php(42): CodeIgniter\Database\BaseBuilder->get()
 5 APPPATH\Controllers\Finances.php(25): App\Models\FinanceModel->getTransactions(null, null, null)
 6 SYSTEMPATH\CodeIgniter.php(951): App\Controllers\Finances->index()
 7 SYSTEMPATH\CodeIgniter.php(497): CodeIgniter\CodeIgniter->runController(Object(App\Controllers\Finances))
 8 SYSTEMPATH\CodeIgniter.php(340): CodeIgniter\CodeIgniter->handleRequest(null, Object(Config\Cache), false)
 9 SYSTEMPATH\Boot.php(417): CodeIgniter\CodeIgniter->run()
10 SYSTEMPATH\Boot.php(68): CodeIgniter\Boot::runCodeIgniter(Object(CodeIgniter\CodeIgniter))
11 FCPATH\index.php(59): CodeIgniter\Boot::bootWeb(Object(Config\Paths))
CRITICAL - 2026-07-02 06:41:56 --> CodeIgniter\Database\Exceptions\DatabaseException: pg_query(): Query failed: ERREUR:  la colonne « date_transaction » n'existe pas
LINE 3: ORDER BY &quot;date_transaction&quot; DESC
                 ^
[Method: GET, Route: finances]
in SYSTEMPATH\Database\BaseConnection.php on line 865.
 1 SYSTEMPATH\Database\BaseBuilder.php(1649): CodeIgniter\Database\BaseConnection->query('SELECT *
FROM "mouvements_financiers"
ORDER BY "date_transaction" DESC', [], false)
 2 APPPATH\Models\FinanceModel.php(42): CodeIgniter\Database\BaseBuilder->get()
 3 APPPATH\Controllers\Finances.php(25): App\Models\FinanceModel->getTransactions(null, null, null)
 4 SYSTEMPATH\CodeIgniter.php(951): App\Controllers\Finances->index()
 5 SYSTEMPATH\CodeIgniter.php(497): CodeIgniter\CodeIgniter->runController(Object(App\Controllers\Finances))
 6 SYSTEMPATH\CodeIgniter.php(340): CodeIgniter\CodeIgniter->handleRequest(null, Object(Config\Cache), false)
 7 SYSTEMPATH\Boot.php(417): CodeIgniter\CodeIgniter->run()
 8 SYSTEMPATH\Boot.php(68): CodeIgniter\Boot::runCodeIgniter(Object(CodeIgniter\CodeIgniter))
 9 FCPATH\index.php(59): CodeIgniter\Boot::bootWeb(Object(Config\Paths))
CRITICAL - 2026-07-02 06:41:56 --> [Caused by] CodeIgniter\Database\Exceptions\DatabaseException: pg_query(): Query failed: ERREUR:  la colonne « date_transaction » n'existe pas
LINE 3: ORDER BY &quot;date_transaction&quot; DESC
                 ^
in SYSTEMPATH\Database\Postgre\Connection.php on line 212.
 1 SYSTEMPATH\Database\BaseConnection.php(910): CodeIgniter\Database\Postgre\Connection->execute('SELECT *
FROM "mouvements_financiers"
ORDER BY "date_transaction" DESC')
 2 SYSTEMPATH\Database\BaseConnection.php(827): CodeIgniter\Database\BaseConnection->simpleQuery('SELECT *
FROM "mouvements_financiers"
ORDER BY "date_transaction" DESC')
 3 SYSTEMPATH\Database\BaseBuilder.php(1649): CodeIgniter\Database\BaseConnection->query('SELECT *
FROM "mouvements_financiers"
ORDER BY "date_transaction" DESC', [], false)
 4 APPPATH\Models\FinanceModel.php(42): CodeIgniter\Database\BaseBuilder->get()
 5 APPPATH\Controllers\Finances.php(25): App\Models\FinanceModel->getTransactions(null, null, null)
 6 SYSTEMPATH\CodeIgniter.php(951): App\Controllers\Finances->index()
 7 SYSTEMPATH\CodeIgniter.php(497): CodeIgniter\CodeIgniter->runController(Object(App\Controllers\Finances))
 8 SYSTEMPATH\CodeIgniter.php(340): CodeIgniter\CodeIgniter->handleRequest(null, Object(Config\Cache), false)
 9 SYSTEMPATH\Boot.php(417): CodeIgniter\CodeIgniter->run()
10 SYSTEMPATH\Boot.php(68): CodeIgniter\Boot::runCodeIgniter(Object(CodeIgniter\CodeIgniter))
11 FCPATH\index.php(59): CodeIgniter\Boot::bootWeb(Object(Config\Paths))
CRITICAL - 2026-07-02 06:41:56 --> [Caused by] ErrorException: pg_query(): Query failed: ERREUR:  la colonne « date_transaction » n'existe pas
LINE 3: ORDER BY &quot;date_transaction&quot; DESC
                 ^
in SYSTEMPATH\Database\Postgre\Connection.php on line 200.
 1 [internal function]: CodeIgniter\Debug\Exceptions->errorHandler(2, 'pg_query(): Query failed: ERREUR:  la colonne « date_transaction » n\'existe pas
LINE 3: ORDER BY &quot;date_transaction&quot; DESC
                 ^', 'C:\\Users\\Harena\\Documents\\MmeBaovola\\fusion\\fusion\\system\\Database\\Postgre\\Connection.php', 200)
 2 SYSTEMPATH\Database\Postgre\Connection.php(200): pg_query(Object(PgSql\Connection), 'SELECT *
FROM "mouvements_financiers"
ORDER BY "date_transaction" DESC')
 3 SYSTEMPATH\Database\BaseConnection.php(910): CodeIgniter\Database\Postgre\Connection->execute('SELECT *
FROM "mouvements_financiers"
ORDER BY "date_transaction" DESC')
 4 SYSTEMPATH\Database\BaseConnection.php(827): CodeIgniter\Database\BaseConnection->simpleQuery('SELECT *
FROM "mouvements_financiers"
ORDER BY "date_transaction" DESC')
 5 SYSTEMPATH\Database\BaseBuilder.php(1649): CodeIgniter\Database\BaseConnection->query('SELECT *
FROM "mouvements_financiers"
ORDER BY "date_transaction" DESC', [], false)
 6 APPPATH\Models\FinanceModel.php(42): CodeIgniter\Database\BaseBuilder->get()
 7 APPPATH\Controllers\Finances.php(25): App\Models\FinanceModel->getTransactions(null, null, null)
 8 SYSTEMPATH\CodeIgniter.php(951): App\Controllers\Finances->index()
 9 SYSTEMPATH\CodeIgniter.php(497): CodeIgniter\CodeIgniter->runController(Object(App\Controllers\Finances))
10 SYSTEMPATH\CodeIgniter.php(340): CodeIgniter\CodeIgniter->handleRequest(null, Object(Config\Cache), false)
11 SYSTEMPATH\Boot.php(417): CodeIgniter\CodeIgniter->run()
12 SYSTEMPATH\Boot.php(68): CodeIgniter\Boot::runCodeIgniter(Object(CodeIgniter\CodeIgniter))
13 FCPATH\index.php(59): CodeIgniter\Boot::bootWeb(Object(Config\Paths))
